2025-08-03 21:21:02,307 INFO    MainThread:24056 [wandb_setup.py:_flush():80] Current SDK version is 0.21.0
2025-08-03 21:21:02,308 INFO    MainThread:24056 [wandb_setup.py:_flush():80] Configure stats pid to 24056
2025-08-03 21:21:02,308 INFO    MainThread:24056 [wandb_setup.py:_flush():80] Loading settings from C:\Users\swain\.config\wandb\settings
2025-08-03 21:21:02,308 INFO    MainThread:24056 [wandb_setup.py:_flush():80] Loading settings from E:\ayan_ml_assignment\wandb\settings
2025-08-03 21:21:02,308 INFO    MainThread:24056 [wandb_setup.py:_flush():80] Loading settings from environment variables
2025-08-03 21:21:02,309 INFO    MainThread:24056 [wandb_init.py:setup_run_log_directory():703] Logging user logs to E:\ayan_ml_assignment\wandb\run-20250803_212102-mcrwqkzy\logs\debug.log
2025-08-03 21:21:02,309 INFO    MainThread:24056 [wandb_init.py:setup_run_log_directory():704] Logging internal logs to E:\ayan_ml_assignment\wandb\run-20250803_212102-mcrwqkzy\logs\debug-internal.log
2025-08-03 21:21:02,309 INFO    MainThread:24056 [wandb_init.py:init():830] calling init triggers
2025-08-03 21:21:02,310 INFO    MainThread:24056 [wandb_init.py:init():835] wandb.init called with sweep_config: {}
config: {'train_json': 'data\\training\\data.json', 'val_json': 'data\\validation\\data.json', 'train_in': 'data\\training\\inputs', 'train_out': 'data\\training\\outputs', 'val_in': 'data\\validation\\inputs', 'val_out': 'data\\validation\\outputs', 'epochs': 10, 'batch_size': 16, 'lr': 0.001, 'image_size': 128, 'checkpoint_dir': 'checkpoints', '_wandb': {}}
2025-08-03 21:21:02,310 INFO    MainThread:24056 [wandb_init.py:init():871] starting backend
2025-08-03 21:21:02,752 INFO    MainThread:24056 [wandb_init.py:init():874] sending inform_init request
2025-08-03 21:21:02,809 INFO    MainThread:24056 [wandb_init.py:init():882] backend started and connected
2025-08-03 21:21:02,812 INFO    MainThread:24056 [wandb_init.py:init():953] updated telemetry
2025-08-03 21:21:02,814 INFO    MainThread:24056 [wandb_init.py:init():977] communicating run to backend with 90.0 second timeout
2025-08-03 21:21:04,126 INFO    MainThread:24056 [wandb_init.py:init():1029] starting run threads in backend
2025-08-03 21:21:04,250 INFO    MainThread:24056 [wandb_run.py:_console_start():2458] atexit reg
2025-08-03 21:21:04,250 INFO    MainThread:24056 [wandb_run.py:_redirect():2306] redirect: wrap_raw
2025-08-03 21:21:04,250 INFO    MainThread:24056 [wandb_run.py:_redirect():2375] Wrapping output streams.
2025-08-03 21:21:04,250 INFO    MainThread:24056 [wandb_run.py:_redirect():2398] Redirects installed.
2025-08-03 21:21:04,256 INFO    MainThread:24056 [wandb_init.py:init():1075] run started, returning control to user process
2025-08-03 21:21:04,621 INFO    MsgRouterThr:24056 [mailbox.py:close():129] [no run ID] Closing mailbox, abandoning 1 handles.
